<?xml version="1.0" encoding="UTF-8"?>
<!-- Generated by org.testng.reporters.JUnitXMLReporter -->
<testsuite hostname="admin-PC" name="Test(failed)(failed)" tests="1" failures="1" timestamp="22 Aug 2019 09:06:28 GMT" time="15.158" errors="0">
  <testcase name="testinvalidLogin" time="1.638" classname="script.InvalidLoginScenarios">
    <failure type="java.lang.AssertionError" message="expected [field can&amp;apos;t be blank] but found []">
      <![CDATA[java.lang.AssertionError: expected [field can't be blank] but found []
	at page.LoginPage.verifyErrorMessageIsDisplayed(LoginPage.java:62)
	at script.InvalidLoginScenarios.testinvalidLogin(InvalidLoginScenarios.java:27)
... Removed 31 stack frames]]>
    </failure>
  </testcase> <!-- testinvalidLogin -->
</testsuite> <!-- Test(failed)(failed) -->
