<?xml version="1.0" encoding="UTF-8"?>
<!-- Generated by org.testng.reporters.JUnitXMLReporter -->
<testsuite hostname="admin-PC" name="Test" tests="3" failures="0" timestamp="22 Aug 2019 10:40:42 GMT" time="67.598" errors="0">
  <testcase name="testinvalidLogin" time="1.235" classname="script.InvalidLoginScenarios"/>
  <testcase name="testinvalidLogin2" time="5.753" classname="script.InvalidLoginScenarios"/>
  <testcase name="testValidLogin" time="9.762" classname="script.LoginScenarios"/>
</testsuite> <!-- Test -->
