<?xml version="1.0" encoding="UTF-8"?>
<testng-results skipped="0" failed="0" total="1" passed="1">
  <reporter-output>
    <line>
      <![CDATA[testLogin is passed ]]>
    </line>
  </reporter-output>
  <suite name="Default suite" duration-ms="61653" started-at="2019-08-14T10:53:02Z" finished-at="2019-08-14T10:54:04Z">
    <groups>
      <group name="smoke">
        <method signature="LoginScenarios.testLogin()[pri:1, instance:script.LoginScenarios@61832929]" name="testLogin" class="script.LoginScenarios"/>
      </group> <!-- smoke -->
      <group name="login">
        <method signature="LoginScenarios.testLogin()[pri:1, instance:script.LoginScenarios@61832929]" name="testLogin" class="script.LoginScenarios"/>
      </group> <!-- login -->
    </groups>
    <test name="Default test" duration-ms="61653" started-at="2019-08-14T10:53:02Z" finished-at="2019-08-14T10:54:04Z">
      <class name="script.LoginScenarios">
        <test-method status="PASS" signature="openBrowser()[pri:0, instance:script.LoginScenarios@61832929]" name="openBrowser" is-config="true" duration-ms="52659" started-at="2019-08-14T16:23:02Z" finished-at="2019-08-14T16:23:55Z">
          <reporter-output>
          </reporter-output>
        </test-method> <!-- openBrowser -->
        <test-method status="PASS" signature="testLogin()[pri:1, instance:script.LoginScenarios@61832929]" name="testLogin" duration-ms="7647" started-at="2019-08-14T16:23:55Z" finished-at="2019-08-14T16:24:02Z">
          <reporter-output>
          </reporter-output>
        </test-method> <!-- testLogin -->
        <test-method status="PASS" signature="closeBrowser(org.testng.ITestResult)[pri:0, instance:script.LoginScenarios@61832929]" name="closeBrowser" is-config="true" duration-ms="1330" started-at="2019-08-14T16:24:02Z" finished-at="2019-08-14T16:24:04Z">
          <params>
            <param index="0">
              <value>
                <![CDATA[[TestResult name=testLogin status=SUCCESS method=LoginScenarios.testLogin()[pri:1, instance:script.LoginScenarios@61832929] output={null}]]]>
              </value>
            </param>
          </params>
          <reporter-output>
            <line>
              <![CDATA[testLogin is passed ]]>
            </line>
          </reporter-output>
        </test-method> <!-- closeBrowser -->
      </class> <!-- script.LoginScenarios -->
    </test> <!-- Default test -->
  </suite> <!-- Default suite -->
</testng-results>
